<?xml version="1.0" encoding="UTF-8"?>
<!-- Generated by org.testng.reporters.JUnitXMLReporter -->
<testsuite hostname="KAMILA-PC" ignored="0" name="Default test" tests="4" failures="0" timestamp="21 Sep 2020 03:46:11 GMT" time="58.071" errors="0">
  <testcase name="a_pageload" time="20.457" classname="testNGPracticing.WaytoRegistration"/>
  <testcase name="b_alert" time="0.91" classname="testNGPracticing.WaytoRegistration"/>
  <testcase name="c_Login" time="12.074" classname="testNGPracticing.WaytoRegistration"/>
  <testcase name="d_registration" time="24.537" classname="testNGPracticing.WaytoRegistration"/>
</testsuite> <!-- Default test -->
