<?xml version="1.0" encoding="UTF-8"?>
<!-- Generated by org.testng.reporters.JUnitXMLReporter -->
<testsuite hostname="KAMILA-PC" ignored="0" name="Default test" tests="4" failures="0" timestamp="10 Oct 2020 03:33:30 GMT" time="54.882" errors="0">
  <testcase name="a_pageload" time="23.0" classname="testNGPracticing.FlipKartSareeSelection"/>
  <testcase name="b_loginLayerclose" time="1.009" classname="testNGPracticing.FlipKartSareeSelection"/>
  <testcase name="c_search" time="5.979" classname="testNGPracticing.FlipKartSareeSelection"/>
  <testcase name="d_addtocart" time="24.793" classname="testNGPracticing.FlipKartSareeSelection"/>
</testsuite> <!-- Default test -->
