<?xml version="1.0" encoding="UTF-8"?>
<!-- Generated by org.testng.reporters.JUnitXMLReporter -->
<testsuite hostname="KAMILA-PC" ignored="2" name="Groupingconcepts" tests="3" failures="0" timestamp="28 Aug 2020 03:07:51 GMT" time="0.402" errors="0">
  <testcase name="f1" time="0.171" classname="testNGFramework.Groupingconcepts"/>
  <testcase name="f2" time="0.019" classname="testNGFramework.Groupingconcepts"/>
  <testcase name="f3" time="0.011" classname="testNGFramework.Groupingconcepts"/>
  <testcase name="f5" time="0.0" classname="testNGFramework.Groupingconcepts">
    <ignored/>
  </testcase> <!-- f5 -->
  <testcase name="f4" time="0.0" classname="testNGFramework.Groupingconcepts">
    <ignored/>
  </testcase> <!-- f4 -->
</testsuite> <!-- Groupingconcepts -->
