<?xml version="1.0" encoding="UTF-8"?>
<!-- Generated by org.testng.reporters.JUnitXMLReporter -->
<testsuite hostname="KAMILA-PC" ignored="0" name="YourLogo_Registration_Logout_Login" tests="6" failures="0" timestamp="14 Aug 2020 02:18:20 GMT" time="104.461" errors="0">
  <testcase name="pageload" time="27.158" classname="testNGFramework.YourLogoForTestNG"/>
  <testcase name="initialRegistration" time="12.969" classname="testNGFramework.YourLogoForTestNG"/>
  <testcase name="personalInfo" time="39.009" classname="testNGFramework.YourLogoForTestNG"/>
  <testcase name="addressInfo" time="14.562" classname="testNGFramework.YourLogoForTestNG"/>
  <testcase name="signOut" time="4.88" classname="testNGFramework.YourLogoForTestNG"/>
  <testcase name="signIn" time="5.741" classname="testNGFramework.YourLogoForTestNG"/>
</testsuite> <!-- YourLogo_Registration_Logout_Login -->
