<?xml version="1.0" encoding="UTF-8"?>
<!-- Generated by org.testng.reporters.JUnitXMLReporter -->
<testsuite hostname="KAMILA-PC" ignored="0" name="DemoBlaze_Login_Categories_Add" tests="5" failures="0" timestamp="29 Aug 2020 03:53:45 GMT" time="36.087" errors="0">
  <testcase name="a_pageload" time="11.207" classname="testNGPracticing.DemoBlaze"/>
  <testcase name="b_signUp" time="5.043" classname="testNGPracticing.DemoBlaze"/>
  <testcase name="c_login" time="3.905" classname="testNGPracticing.DemoBlaze"/>
  <testcase name="d_categories" time="9.656" classname="testNGPracticing.DemoBlaze"/>
  <testcase name="e_add" time="6.179" classname="testNGPracticing.DemoBlaze"/>
</testsuite> <!-- DemoBlaze_Login_Categories_Add -->
