<?xml version="1.0" encoding="UTF-8"?>
<!-- Generated by org.testng.reporters.JUnitXMLReporter -->
<testsuite hostname="KAMILA-PC" ignored="0" name="Flipkart_Mobilesearch_AddtoCart" tests="4" failures="0" timestamp="14 Aug 2020 15:14:45 GMT" time="32.848" errors="0">
  <testcase name="a_pageLoad" time="14.713" classname="testNGPracticing.FlipkartsearchByKeyboardAction"/>
  <testcase name="b_loginLayerClose" time="0.366" classname="testNGPracticing.FlipkartsearchByKeyboardAction"/>
  <testcase name="c_search" time="0.66" classname="testNGPracticing.FlipkartsearchByKeyboardAction"/>
  <testcase name="d_chosenMobile" time="17.005" classname="testNGPracticing.FlipkartsearchByKeyboardAction"/>
</testsuite> <!-- Flipkart_Mobilesearch_AddtoCart -->
