<?xml version="1.0" encoding="UTF-8"?>
<testng-results skipped="0" failed="0" ignored="0" total="4" passed="4">
  <reporter-output>
  </reporter-output>
  <suite name="Default suite" duration-ms="58071" started-at="2020-09-21T03:45:13Z" finished-at="2020-09-21T03:46:11Z">
    <groups>
    </groups>
    <test name="Default test" duration-ms="58071" started-at="2020-09-21T03:45:13Z" finished-at="2020-09-21T03:46:11Z">
      <class name="testNGPracticing.WaytoRegistration">
        <test-method status="PASS" signature="a_pageload()[pri:0, instance:testNGPracticing.WaytoRegistration@ee68d8]" name="a_pageload" duration-ms="20457" started-at="2020-09-21T03:45:13Z" finished-at="2020-09-21T03:45:33Z">
          <reporter-output>
          </reporter-output>
        </test-method> <!-- a_pageload -->
        <test-method status="PASS" signature="b_alert()[pri:0, instance:testNGPracticing.WaytoRegistration@ee68d8]" name="b_alert" duration-ms="910" started-at="2020-09-21T03:45:33Z" finished-at="2020-09-21T03:45:34Z">
          <reporter-output>
          </reporter-output>
        </test-method> <!-- b_alert -->
        <test-method status="PASS" signature="c_Login()[pri:0, instance:testNGPracticing.WaytoRegistration@ee68d8]" name="c_Login" duration-ms="12074" started-at="2020-09-21T03:45:34Z" finished-at="2020-09-21T03:45:46Z">
          <reporter-output>
          </reporter-output>
        </test-method> <!-- c_Login -->
        <test-method status="PASS" signature="d_registration()[pri:0, instance:testNGPracticing.WaytoRegistration@ee68d8]" name="d_registration" duration-ms="24537" started-at="2020-09-21T03:45:46Z" finished-at="2020-09-21T03:46:11Z">
          <reporter-output>
          </reporter-output>
        </test-method> <!-- d_registration -->
      </class> <!-- testNGPracticing.WaytoRegistration -->
    </test> <!-- Default test -->
  </suite> <!-- Default suite -->
</testng-results>
