<?xml version="1.0" encoding="UTF-8"?>
<testng-results skipped="0" failed="0" ignored="0" total="4" passed="4">
  <reporter-output>
  </reporter-output>
  <suite name="Default suite" duration-ms="96000" started-at="2020-09-12T05:09:36Z" finished-at="2020-09-12T05:11:12Z">
    <groups>
    </groups>
    <test name="Default test" duration-ms="96000" started-at="2020-09-12T05:09:36Z" finished-at="2020-09-12T05:11:12Z">
      <class name="testNGPracticing.WaytoAutomateAlert">
        <test-method status="PASS" signature="a_pageload()[pri:0, instance:testNGPracticing.WaytoAutomateAlert@ee68d8]" name="a_pageload" duration-ms="63295" started-at="2020-09-12T05:09:36Z" finished-at="2020-09-12T05:10:40Z">
          <reporter-output>
          </reporter-output>
        </test-method> <!-- a_pageload -->
        <test-method status="PASS" signature="b_alert()[pri:0, instance:testNGPracticing.WaytoAutomateAlert@ee68d8]" name="b_alert" duration-ms="17274" started-at="2020-09-12T05:10:40Z" finished-at="2020-09-12T05:10:57Z">
          <reporter-output>
          </reporter-output>
        </test-method> <!-- b_alert -->
        <test-method status="PASS" signature="c_Login()[pri:0, instance:testNGPracticing.WaytoAutomateAlert@ee68d8]" name="c_Login" duration-ms="15093" started-at="2020-09-12T05:10:57Z" finished-at="2020-09-12T05:11:12Z">
          <reporter-output>
          </reporter-output>
        </test-method> <!-- c_Login -->
        <test-method status="PASS" signature="d_alertfunction()[pri:0, instance:testNGPracticing.WaytoAutomateAlert@ee68d8]" name="d_alertfunction" duration-ms="4" started-at="2020-09-12T05:11:12Z" finished-at="2020-09-12T05:11:12Z">
          <reporter-output>
          </reporter-output>
        </test-method> <!-- d_alertfunction -->
      </class> <!-- testNGPracticing.WaytoAutomateAlert -->
    </test> <!-- Default test -->
  </suite> <!-- Default suite -->
</testng-results>
